INFO  - 2014-10-19 11:11:22.335; org.eclipse.jetty.server.Server; jetty-8.1.10.v20130312
INFO  - 2014-10-19 11:11:22.349; org.eclipse.jetty.deploy.providers.ScanningAppProvider; Deployment monitor C:\Users\Andi\Documents\InfRetrieval\solr-4.10.1\solr-4.10.1\example\contexts at interval 0
INFO  - 2014-10-19 11:11:22.354; org.eclipse.jetty.deploy.DeploymentManager; Deployable added: C:\Users\Andi\Documents\InfRetrieval\solr-4.10.1\solr-4.10.1\example\contexts\solr-jetty-context.xml
INFO  - 2014-10-19 11:11:22.391; org.eclipse.jetty.webapp.WebInfConfiguration; Extract jar:file:/C:/Users/Andi/Documents/InfRetrieval/solr-4.10.1/solr-4.10.1/example/webapps/solr.war!/ to C:\Users\Andi\Documents\InfRetrieval\solr-4.10.1\solr-4.10.1\example\solr-webapp\webapp
INFO  - 2014-10-19 11:11:25.463; org.eclipse.jetty.webapp.StandardDescriptorProcessor; NO JSP Support for /solr, did not find org.apache.jasper.servlet.JspServlet
INFO  - 2014-10-19 11:11:25.501; org.apache.solr.servlet.SolrDispatchFilter; SolrDispatchFilter.init()
INFO  - 2014-10-19 11:11:25.510; org.apache.solr.core.SolrResourceLoader; JNDI not configured for solr (NoInitialContextEx)
INFO  - 2014-10-19 11:11:25.511; org.apache.solr.core.SolrResourceLoader; solr home defaulted to 'solr/' (could not find system property or JNDI)
INFO  - 2014-10-19 11:11:25.511; org.apache.solr.core.SolrResourceLoader; new SolrResourceLoader for directory: 'solr/'
INFO  - 2014-10-19 11:11:25.590; org.apache.solr.core.ConfigSolr; Loading container configuration from C:\Users\Andi\Documents\InfRetrieval\solr-4.10.1\solr-4.10.1\example\solr\solr.xml
INFO  - 2014-10-19 11:11:25.632; org.apache.solr.core.CorePropertiesLocator; Config-defined core root directory: C:\Users\Andi\Documents\InfRetrieval\solr-4.10.1\solr-4.10.1\example\solr
INFO  - 2014-10-19 11:11:25.638; org.apache.solr.core.CoreContainer; New CoreContainer 375457936
INFO  - 2014-10-19 11:11:25.638; org.apache.solr.core.CoreContainer; Loading cores into CoreContainer [instanceDir=solr/]
INFO  - 2014-10-19 11:11:25.647; org.apache.solr.handler.component.HttpShardHandlerFactory; Setting socketTimeout to: 0
INFO  - 2014-10-19 11:11:25.647; org.apache.solr.handler.component.HttpShardHandlerFactory; Setting urlScheme to: null
INFO  - 2014-10-19 11:11:25.650; org.apache.solr.handler.component.HttpShardHandlerFactory; Setting connTimeout to: 0
INFO  - 2014-10-19 11:11:25.652; org.apache.solr.handler.component.HttpShardHandlerFactory; Setting maxConnectionsPerHost to: 20
INFO  - 2014-10-19 11:11:25.652; org.apache.solr.handler.component.HttpShardHandlerFactory; Setting corePoolSize to: 0
INFO  - 2014-10-19 11:11:25.653; org.apache.solr.handler.component.HttpShardHandlerFactory; Setting maximumPoolSize to: 2147483647
INFO  - 2014-10-19 11:11:25.653; org.apache.solr.handler.component.HttpShardHandlerFactory; Setting maxThreadIdleTime to: 5
INFO  - 2014-10-19 11:11:25.653; org.apache.solr.handler.component.HttpShardHandlerFactory; Setting sizeOfQueue to: -1
INFO  - 2014-10-19 11:11:25.653; org.apache.solr.handler.component.HttpShardHandlerFactory; Setting fairnessPolicy to: false
INFO  - 2014-10-19 11:11:25.749; org.apache.solr.update.UpdateShardHandler; Creating UpdateShardHandler HTTP client with params: socketTimeout=0&connTimeout=0&retry=false
INFO  - 2014-10-19 11:11:25.750; org.apache.solr.logging.LogWatcher; SLF4J impl is org.slf4j.impl.Log4jLoggerFactory
INFO  - 2014-10-19 11:11:25.751; org.apache.solr.logging.LogWatcher; Registering Log Listener [Log4j (org.slf4j.impl.Log4jLoggerFactory)]
INFO  - 2014-10-19 11:11:25.752; org.apache.solr.core.CoreContainer; Host Name: 
INFO  - 2014-10-19 11:11:25.786; org.apache.solr.core.CorePropertiesLocator; Looking for core definitions underneath C:\Users\Andi\Documents\InfRetrieval\solr-4.10.1\solr-4.10.1\example\solr
INFO  - 2014-10-19 11:11:25.792; org.apache.solr.core.CorePropertiesLocator; Found core collection1 in C:\Users\Andi\Documents\InfRetrieval\solr-4.10.1\solr-4.10.1\example\solr\collection1\
INFO  - 2014-10-19 11:11:25.793; org.apache.solr.core.CorePropertiesLocator; Found 1 core definitions
INFO  - 2014-10-19 11:11:25.794; org.apache.solr.core.SolrResourceLoader; new SolrResourceLoader for directory: 'C:\Users\Andi\Documents\InfRetrieval\solr-4.10.1\solr-4.10.1\example\solr\collection1\'
INFO  - 2014-10-19 11:11:25.838; org.apache.solr.core.SolrConfig; Adding specified lib dirs to ClassLoader
INFO  - 2014-10-19 11:11:25.840; org.apache.solr.core.SolrResourceLoader; Adding 'file:/C:/Users/Andi/Documents/InfRetrieval/solr-4.10.1/solr-4.10.1/contrib/extraction/lib/apache-mime4j-core-0.7.2.jar' to classloader
INFO  - 2014-10-19 11:11:25.840; org.apache.solr.core.SolrResourceLoader; Adding 'file:/C:/Users/Andi/Documents/InfRetrieval/solr-4.10.1/solr-4.10.1/contrib/extraction/lib/apache-mime4j-dom-0.7.2.jar' to classloader
INFO  - 2014-10-19 11:11:25.841; org.apache.solr.core.SolrResourceLoader; Adding 'file:/C:/Users/Andi/Documents/InfRetrieval/solr-4.10.1/solr-4.10.1/contrib/extraction/lib/aspectjrt-1.6.11.jar' to classloader
INFO  - 2014-10-19 11:11:25.841; org.apache.solr.core.SolrResourceLoader; Adding 'file:/C:/Users/Andi/Documents/InfRetrieval/solr-4.10.1/solr-4.10.1/contrib/extraction/lib/bcmail-jdk15-1.45.jar' to classloader
INFO  - 2014-10-19 11:11:25.842; org.apache.solr.core.SolrResourceLoader; Adding 'file:/C:/Users/Andi/Documents/InfRetrieval/solr-4.10.1/solr-4.10.1/contrib/extraction/lib/bcprov-jdk15-1.45.jar' to classloader
INFO  - 2014-10-19 11:11:25.842; org.apache.solr.core.SolrResourceLoader; Adding 'file:/C:/Users/Andi/Documents/InfRetrieval/solr-4.10.1/solr-4.10.1/contrib/extraction/lib/boilerpipe-1.1.0.jar' to classloader
INFO  - 2014-10-19 11:11:25.843; org.apache.solr.core.SolrResourceLoader; Adding 'file:/C:/Users/Andi/Documents/InfRetrieval/solr-4.10.1/solr-4.10.1/contrib/extraction/lib/commons-compress-1.7.jar' to classloader
INFO  - 2014-10-19 11:11:25.843; org.apache.solr.core.SolrResourceLoader; Adding 'file:/C:/Users/Andi/Documents/InfRetrieval/solr-4.10.1/solr-4.10.1/contrib/extraction/lib/dom4j-1.6.1.jar' to classloader
INFO  - 2014-10-19 11:11:25.844; org.apache.solr.core.SolrResourceLoader; Adding 'file:/C:/Users/Andi/Documents/InfRetrieval/solr-4.10.1/solr-4.10.1/contrib/extraction/lib/fontbox-1.8.4.jar' to classloader
INFO  - 2014-10-19 11:11:25.844; org.apache.solr.core.SolrResourceLoader; Adding 'file:/C:/Users/Andi/Documents/InfRetrieval/solr-4.10.1/solr-4.10.1/contrib/extraction/lib/icu4j-53.1.jar' to classloader
INFO  - 2014-10-19 11:11:25.845; org.apache.solr.core.SolrResourceLoader; Adding 'file:/C:/Users/Andi/Documents/InfRetrieval/solr-4.10.1/solr-4.10.1/contrib/extraction/lib/isoparser-1.0-RC-1.jar' to classloader
INFO  - 2014-10-19 11:11:25.845; org.apache.solr.core.SolrResourceLoader; Adding 'file:/C:/Users/Andi/Documents/InfRetrieval/solr-4.10.1/solr-4.10.1/contrib/extraction/lib/jdom-1.0.jar' to classloader
INFO  - 2014-10-19 11:11:25.846; org.apache.solr.core.SolrResourceLoader; Adding 'file:/C:/Users/Andi/Documents/InfRetrieval/solr-4.10.1/solr-4.10.1/contrib/extraction/lib/jempbox-1.8.4.jar' to classloader
INFO  - 2014-10-19 11:11:25.846; org.apache.solr.core.SolrResourceLoader; Adding 'file:/C:/Users/Andi/Documents/InfRetrieval/solr-4.10.1/solr-4.10.1/contrib/extraction/lib/jhighlight-1.0.jar' to classloader
INFO  - 2014-10-19 11:11:25.847; org.apache.solr.core.SolrResourceLoader; Adding 'file:/C:/Users/Andi/Documents/InfRetrieval/solr-4.10.1/solr-4.10.1/contrib/extraction/lib/juniversalchardet-1.0.3.jar' to classloader
INFO  - 2014-10-19 11:11:25.848; org.apache.solr.core.SolrResourceLoader; Adding 'file:/C:/Users/Andi/Documents/InfRetrieval/solr-4.10.1/solr-4.10.1/contrib/extraction/lib/metadata-extractor-2.6.2.jar' to classloader
INFO  - 2014-10-19 11:11:25.848; org.apache.solr.core.SolrResourceLoader; Adding 'file:/C:/Users/Andi/Documents/InfRetrieval/solr-4.10.1/solr-4.10.1/contrib/extraction/lib/pdfbox-1.8.4.jar' to classloader
INFO  - 2014-10-19 11:11:25.849; org.apache.solr.core.SolrResourceLoader; Adding 'file:/C:/Users/Andi/Documents/InfRetrieval/solr-4.10.1/solr-4.10.1/contrib/extraction/lib/poi-3.10.1.jar' to classloader
INFO  - 2014-10-19 11:11:25.849; org.apache.solr.core.SolrResourceLoader; Adding 'file:/C:/Users/Andi/Documents/InfRetrieval/solr-4.10.1/solr-4.10.1/contrib/extraction/lib/poi-ooxml-3.10.1.jar' to classloader
INFO  - 2014-10-19 11:11:25.850; org.apache.solr.core.SolrResourceLoader; Adding 'file:/C:/Users/Andi/Documents/InfRetrieval/solr-4.10.1/solr-4.10.1/contrib/extraction/lib/poi-ooxml-schemas-3.10.1.jar' to classloader
INFO  - 2014-10-19 11:11:25.850; org.apache.solr.core.SolrResourceLoader; Adding 'file:/C:/Users/Andi/Documents/InfRetrieval/solr-4.10.1/solr-4.10.1/contrib/extraction/lib/poi-scratchpad-3.10.1.jar' to classloader
INFO  - 2014-10-19 11:11:25.850; org.apache.solr.core.SolrResourceLoader; Adding 'file:/C:/Users/Andi/Documents/InfRetrieval/solr-4.10.1/solr-4.10.1/contrib/extraction/lib/rome-0.9.jar' to classloader
INFO  - 2014-10-19 11:11:25.851; org.apache.solr.core.SolrResourceLoader; Adding 'file:/C:/Users/Andi/Documents/InfRetrieval/solr-4.10.1/solr-4.10.1/contrib/extraction/lib/tagsoup-1.2.1.jar' to classloader
INFO  - 2014-10-19 11:11:25.852; org.apache.solr.core.SolrResourceLoader; Adding 'file:/C:/Users/Andi/Documents/InfRetrieval/solr-4.10.1/solr-4.10.1/contrib/extraction/lib/tika-core-1.5.jar' to classloader
INFO  - 2014-10-19 11:11:25.852; org.apache.solr.core.SolrResourceLoader; Adding 'file:/C:/Users/Andi/Documents/InfRetrieval/solr-4.10.1/solr-4.10.1/contrib/extraction/lib/tika-parsers-1.5.jar' to classloader
INFO  - 2014-10-19 11:11:25.853; org.apache.solr.core.SolrResourceLoader; Adding 'file:/C:/Users/Andi/Documents/InfRetrieval/solr-4.10.1/solr-4.10.1/contrib/extraction/lib/tika-xmp-1.5.jar' to classloader
INFO  - 2014-10-19 11:11:25.853; org.apache.solr.core.SolrResourceLoader; Adding 'file:/C:/Users/Andi/Documents/InfRetrieval/solr-4.10.1/solr-4.10.1/contrib/extraction/lib/vorbis-java-core-0.1.jar' to classloader
INFO  - 2014-10-19 11:11:25.854; org.apache.solr.core.SolrResourceLoader; Adding 'file:/C:/Users/Andi/Documents/InfRetrieval/solr-4.10.1/solr-4.10.1/contrib/extraction/lib/vorbis-java-tika-0.1.jar' to classloader
INFO  - 2014-10-19 11:11:25.854; org.apache.solr.core.SolrResourceLoader; Adding 'file:/C:/Users/Andi/Documents/InfRetrieval/solr-4.10.1/solr-4.10.1/contrib/extraction/lib/xercesImpl-2.9.1.jar' to classloader
INFO  - 2014-10-19 11:11:25.854; org.apache.solr.core.SolrResourceLoader; Adding 'file:/C:/Users/Andi/Documents/InfRetrieval/solr-4.10.1/solr-4.10.1/contrib/extraction/lib/xmlbeans-2.6.0.jar' to classloader
INFO  - 2014-10-19 11:11:25.855; org.apache.solr.core.SolrResourceLoader; Adding 'file:/C:/Users/Andi/Documents/InfRetrieval/solr-4.10.1/solr-4.10.1/contrib/extraction/lib/xmpcore-5.1.2.jar' to classloader
INFO  - 2014-10-19 11:11:25.855; org.apache.solr.core.SolrResourceLoader; Adding 'file:/C:/Users/Andi/Documents/InfRetrieval/solr-4.10.1/solr-4.10.1/contrib/extraction/lib/xz-1.4.jar' to classloader
INFO  - 2014-10-19 11:11:25.856; org.apache.solr.core.SolrResourceLoader; Adding 'file:/C:/Users/Andi/Documents/InfRetrieval/solr-4.10.1/solr-4.10.1/dist/solr-cell-4.10.1.jar' to classloader
INFO  - 2014-10-19 11:11:25.857; org.apache.solr.core.SolrResourceLoader; Adding 'file:/C:/Users/Andi/Documents/InfRetrieval/solr-4.10.1/solr-4.10.1/contrib/clustering/lib/attributes-binder-1.2.1.jar' to classloader
INFO  - 2014-10-19 11:11:25.857; org.apache.solr.core.SolrResourceLoader; Adding 'file:/C:/Users/Andi/Documents/InfRetrieval/solr-4.10.1/solr-4.10.1/contrib/clustering/lib/carrot2-mini-3.9.0.jar' to classloader
INFO  - 2014-10-19 11:11:25.858; org.apache.solr.core.SolrResourceLoader; Adding 'file:/C:/Users/Andi/Documents/InfRetrieval/solr-4.10.1/solr-4.10.1/contrib/clustering/lib/hppc-0.5.2.jar' to classloader
INFO  - 2014-10-19 11:11:25.858; org.apache.solr.core.SolrResourceLoader; Adding 'file:/C:/Users/Andi/Documents/InfRetrieval/solr-4.10.1/solr-4.10.1/contrib/clustering/lib/jackson-core-asl-1.9.13.jar' to classloader
INFO  - 2014-10-19 11:11:25.858; org.apache.solr.core.SolrResourceLoader; Adding 'file:/C:/Users/Andi/Documents/InfRetrieval/solr-4.10.1/solr-4.10.1/contrib/clustering/lib/jackson-mapper-asl-1.9.13.jar' to classloader
INFO  - 2014-10-19 11:11:25.859; org.apache.solr.core.SolrResourceLoader; Adding 'file:/C:/Users/Andi/Documents/InfRetrieval/solr-4.10.1/solr-4.10.1/contrib/clustering/lib/mahout-collections-1.0.jar' to classloader
INFO  - 2014-10-19 11:11:25.859; org.apache.solr.core.SolrResourceLoader; Adding 'file:/C:/Users/Andi/Documents/InfRetrieval/solr-4.10.1/solr-4.10.1/contrib/clustering/lib/mahout-math-0.6.jar' to classloader
INFO  - 2014-10-19 11:11:25.860; org.apache.solr.core.SolrResourceLoader; Adding 'file:/C:/Users/Andi/Documents/InfRetrieval/solr-4.10.1/solr-4.10.1/contrib/clustering/lib/simple-xml-2.7.jar' to classloader
INFO  - 2014-10-19 11:11:25.861; org.apache.solr.core.SolrResourceLoader; Adding 'file:/C:/Users/Andi/Documents/InfRetrieval/solr-4.10.1/solr-4.10.1/dist/solr-clustering-4.10.1.jar' to classloader
INFO  - 2014-10-19 11:11:25.861; org.apache.solr.core.SolrResourceLoader; Adding 'file:/C:/Users/Andi/Documents/InfRetrieval/solr-4.10.1/solr-4.10.1/contrib/langid/lib/jsonic-1.2.7.jar' to classloader
INFO  - 2014-10-19 11:11:25.862; org.apache.solr.core.SolrResourceLoader; Adding 'file:/C:/Users/Andi/Documents/InfRetrieval/solr-4.10.1/solr-4.10.1/contrib/langid/lib/langdetect-1.1-20120112.jar' to classloader
INFO  - 2014-10-19 11:11:25.863; org.apache.solr.core.SolrResourceLoader; Adding 'file:/C:/Users/Andi/Documents/InfRetrieval/solr-4.10.1/solr-4.10.1/dist/solr-langid-4.10.1.jar' to classloader
INFO  - 2014-10-19 11:11:25.863; org.apache.solr.core.SolrResourceLoader; Adding 'file:/C:/Users/Andi/Documents/InfRetrieval/solr-4.10.1/solr-4.10.1/contrib/velocity/lib/commons-beanutils-1.8.3.jar' to classloader
INFO  - 2014-10-19 11:11:25.864; org.apache.solr.core.SolrResourceLoader; Adding 'file:/C:/Users/Andi/Documents/InfRetrieval/solr-4.10.1/solr-4.10.1/contrib/velocity/lib/commons-collections-3.2.1.jar' to classloader
INFO  - 2014-10-19 11:11:25.864; org.apache.solr.core.SolrResourceLoader; Adding 'file:/C:/Users/Andi/Documents/InfRetrieval/solr-4.10.1/solr-4.10.1/contrib/velocity/lib/velocity-1.7.jar' to classloader
INFO  - 2014-10-19 11:11:25.864; org.apache.solr.core.SolrResourceLoader; Adding 'file:/C:/Users/Andi/Documents/InfRetrieval/solr-4.10.1/solr-4.10.1/contrib/velocity/lib/velocity-tools-2.0.jar' to classloader
INFO  - 2014-10-19 11:11:25.865; org.apache.solr.core.SolrResourceLoader; Adding 'file:/C:/Users/Andi/Documents/InfRetrieval/solr-4.10.1/solr-4.10.1/dist/solr-velocity-4.10.1.jar' to classloader
INFO  - 2014-10-19 11:11:28.085; org.apache.solr.update.SolrIndexConfig; IndexWriter infoStream solr logging is enabled
INFO  - 2014-10-19 11:11:28.090; org.apache.solr.core.SolrConfig; Using Lucene MatchVersion: 4.10.1
INFO  - 2014-10-19 11:11:28.232; org.apache.solr.core.SolrConfig; Loaded SolrConfig: solrconfig.xml
INFO  - 2014-10-19 11:11:28.240; org.apache.solr.schema.IndexSchema; Reading Solr Schema from schema.xml
INFO  - 2014-10-19 11:11:28.266; org.apache.solr.schema.IndexSchema; [collection1] Schema name=example
INFO  - 2014-10-19 11:11:28.526; org.apache.solr.schema.IndexSchema; unique key field: id
INFO  - 2014-10-19 11:11:28.535; org.apache.solr.rest.RestManager$Registry; Registered ManagedResource impl org.apache.solr.rest.schema.analysis.ManagedWordSetResource for path /schema/analysis/stopwords/english
INFO  - 2014-10-19 11:11:28.536; org.apache.solr.rest.RestManager$Registry; Registered ManagedResource impl org.apache.solr.rest.schema.analysis.ManagedSynonymFilterFactory$SynonymManager for path /schema/analysis/synonyms/english
INFO  - 2014-10-19 11:11:28.589; org.apache.solr.schema.FileExchangeRateProvider; Reloading exchange rates from file currency.xml
INFO  - 2014-10-19 11:11:28.593; org.apache.solr.schema.FileExchangeRateProvider; Reloading exchange rates from file currency.xml
INFO  - 2014-10-19 11:11:28.666; org.apache.solr.core.CoreContainer; Creating SolrCore 'collection1' using configuration from instancedir C:\Users\Andi\Documents\InfRetrieval\solr-4.10.1\solr-4.10.1\example\solr\collection1\
INFO  - 2014-10-19 11:11:28.681; org.apache.solr.core.SolrCore; solr.NRTCachingDirectoryFactory
INFO  - 2014-10-19 11:11:28.690; org.apache.solr.core.SolrCore; [collection1] Opening new SolrCore at C:\Users\Andi\Documents\InfRetrieval\solr-4.10.1\solr-4.10.1\example\solr\collection1\, dataDir=C:\Users\Andi\Documents\InfRetrieval\solr-4.10.1\solr-4.10.1\example\solr\collection1\data\
INFO  - 2014-10-19 11:11:28.692; org.apache.solr.core.JmxMonitoredMap; No JMX servers found, not exposing Solr information with JMX.
INFO  - 2014-10-19 11:11:28.695; org.apache.solr.core.SolrCore; [collection1] Added SolrEventListener for newSearcher: org.apache.solr.core.QuerySenderListener{queries=[]}
INFO  - 2014-10-19 11:11:28.696; org.apache.solr.core.SolrCore; [collection1] Added SolrEventListener for firstSearcher: org.apache.solr.core.QuerySenderListener{queries=[{q=static firstSearcher warming in solrconfig.xml}]}
INFO  - 2014-10-19 11:11:28.748; org.apache.solr.core.CachingDirectoryFactory; return new directory for C:\Users\Andi\Documents\InfRetrieval\solr-4.10.1\solr-4.10.1\example\solr\collection1\data
INFO  - 2014-10-19 11:11:28.750; org.apache.solr.core.SolrCore; New index directory detected: old=null new=C:\Users\Andi\Documents\InfRetrieval\solr-4.10.1\solr-4.10.1\example\solr\collection1\data\index/
WARN  - 2014-10-19 11:11:28.751; org.apache.solr.core.SolrCore; [collection1] Solr index directory 'C:\Users\Andi\Documents\InfRetrieval\solr-4.10.1\solr-4.10.1\example\solr\collection1\data\index' doesn't exist. Creating new index...
INFO  - 2014-10-19 11:11:28.758; org.apache.solr.core.CachingDirectoryFactory; return new directory for C:\Users\Andi\Documents\InfRetrieval\solr-4.10.1\solr-4.10.1\example\solr\collection1\data\index
INFO  - 2014-10-19 11:11:28.816; org.apache.solr.core.SolrDeletionPolicy; SolrDeletionPolicy.onCommit: commits: num=1
	commit{dir=NRTCachingDirectory(MMapDirectory@C:\Users\Andi\Documents\InfRetrieval\solr-4.10.1\solr-4.10.1\example\solr\collection1\data\index lockFactory=NativeFSLockFactory@C:\Users\Andi\Documents\InfRetrieval\solr-4.10.1\solr-4.10.1\example\solr\collection1\data\index; maxCacheMB=48.0 maxMergeSizeMB=4.0),segFN=segments_1,generation=1}
INFO  - 2014-10-19 11:11:28.816; org.apache.solr.core.SolrDeletionPolicy; newest commit generation = 1
INFO  - 2014-10-19 11:11:28.821; org.apache.solr.core.SolrCore; created json: solr.JSONResponseWriter
INFO  - 2014-10-19 11:11:28.821; org.apache.solr.core.SolrCore; adding lazy queryResponseWriter: solr.VelocityResponseWriter
INFO  - 2014-10-19 11:11:28.822; org.apache.solr.core.SolrCore; created velocity: solr.VelocityResponseWriter
INFO  - 2014-10-19 11:11:28.824; org.apache.solr.core.SolrCore; created xslt: solr.XSLTResponseWriter
INFO  - 2014-10-19 11:11:28.825; org.apache.solr.response.XSLTResponseWriter; xsltCacheLifetimeSeconds=5
INFO  - 2014-10-19 11:11:28.883; org.apache.solr.core.SolrCore; no updateRequestProcessorChain defined as default, creating implicit default
INFO  - 2014-10-19 11:11:28.887; org.apache.solr.core.RequestHandlers; created /update: org.apache.solr.handler.UpdateRequestHandler
INFO  - 2014-10-19 11:11:28.887; org.apache.solr.core.RequestHandlers; created /update/json: org.apache.solr.handler.UpdateRequestHandler
INFO  - 2014-10-19 11:11:28.888; org.apache.solr.core.RequestHandlers; created /update/csv: org.apache.solr.handler.UpdateRequestHandler
INFO  - 2014-10-19 11:11:28.888; org.apache.solr.core.RequestHandlers; created /update/json/docs: org.apache.solr.handler.UpdateRequestHandler
INFO  - 2014-10-19 11:11:28.892; org.apache.solr.core.RequestHandlers; created /select: solr.SearchHandler
INFO  - 2014-10-19 11:11:28.892; org.apache.solr.core.RequestHandlers; created /query: solr.SearchHandler
INFO  - 2014-10-19 11:11:28.894; org.apache.solr.core.RequestHandlers; created /get: solr.RealTimeGetHandler
INFO  - 2014-10-19 11:11:28.895; org.apache.solr.core.RequestHandlers; created /export: solr.SearchHandler
INFO  - 2014-10-19 11:11:28.895; org.apache.solr.core.RequestHandlers; created /browse: solr.SearchHandler
WARN  - 2014-10-19 11:11:28.896; org.apache.solr.core.RequestHandlers; Multiple requestHandler registered to the same name: /update ignoring: org.apache.solr.handler.UpdateRequestHandler
INFO  - 2014-10-19 11:11:28.896; org.apache.solr.core.RequestHandlers; created /update: solr.UpdateRequestHandler
INFO  - 2014-10-19 11:11:28.896; org.apache.solr.core.RequestHandlers; adding lazy requestHandler: solr.extraction.ExtractingRequestHandler
INFO  - 2014-10-19 11:11:28.897; org.apache.solr.core.RequestHandlers; created /update/extract: solr.extraction.ExtractingRequestHandler
INFO  - 2014-10-19 11:11:28.897; org.apache.solr.core.RequestHandlers; adding lazy requestHandler: solr.FieldAnalysisRequestHandler
INFO  - 2014-10-19 11:11:28.897; org.apache.solr.core.RequestHandlers; created /analysis/field: solr.FieldAnalysisRequestHandler
INFO  - 2014-10-19 11:11:28.897; org.apache.solr.core.RequestHandlers; adding lazy requestHandler: solr.DocumentAnalysisRequestHandler
INFO  - 2014-10-19 11:11:28.897; org.apache.solr.core.RequestHandlers; created /analysis/document: solr.DocumentAnalysisRequestHandler
INFO  - 2014-10-19 11:11:28.899; org.apache.solr.core.RequestHandlers; created /admin/: solr.admin.AdminHandlers
INFO  - 2014-10-19 11:11:28.900; org.apache.solr.core.RequestHandlers; created /admin/ping: solr.PingRequestHandler
INFO  - 2014-10-19 11:11:28.901; org.apache.solr.core.RequestHandlers; created /debug/dump: solr.DumpRequestHandler
INFO  - 2014-10-19 11:11:28.909; org.apache.solr.core.RequestHandlers; created /replication: solr.ReplicationHandler
INFO  - 2014-10-19 11:11:28.909; org.apache.solr.core.RequestHandlers; adding lazy requestHandler: solr.SearchHandler
INFO  - 2014-10-19 11:11:28.910; org.apache.solr.core.RequestHandlers; created /spell: solr.SearchHandler
INFO  - 2014-10-19 11:11:28.910; org.apache.solr.core.RequestHandlers; adding lazy requestHandler: solr.SearchHandler
INFO  - 2014-10-19 11:11:28.910; org.apache.solr.core.RequestHandlers; created /suggest: solr.SearchHandler
INFO  - 2014-10-19 11:11:28.910; org.apache.solr.core.RequestHandlers; adding lazy requestHandler: solr.SearchHandler
INFO  - 2014-10-19 11:11:28.910; org.apache.solr.core.RequestHandlers; created /tvrh: solr.SearchHandler
INFO  - 2014-10-19 11:11:28.911; org.apache.solr.core.RequestHandlers; adding lazy requestHandler: solr.SearchHandler
INFO  - 2014-10-19 11:11:28.911; org.apache.solr.core.RequestHandlers; created /terms: solr.SearchHandler
INFO  - 2014-10-19 11:11:28.911; org.apache.solr.core.RequestHandlers; adding lazy requestHandler: solr.SearchHandler
INFO  - 2014-10-19 11:11:28.911; org.apache.solr.core.RequestHandlers; created /elevate: solr.SearchHandler
INFO  - 2014-10-19 11:11:28.926; org.apache.solr.handler.loader.XMLLoader; xsltCacheLifetimeSeconds=60
INFO  - 2014-10-19 11:11:28.928; org.apache.solr.handler.loader.XMLLoader; xsltCacheLifetimeSeconds=60
INFO  - 2014-10-19 11:11:28.930; org.apache.solr.handler.loader.XMLLoader; xsltCacheLifetimeSeconds=60
INFO  - 2014-10-19 11:11:28.931; org.apache.solr.handler.loader.XMLLoader; xsltCacheLifetimeSeconds=60
INFO  - 2014-10-19 11:11:28.933; org.apache.solr.handler.loader.XMLLoader; xsltCacheLifetimeSeconds=60
INFO  - 2014-10-19 11:11:28.946; org.apache.solr.update.CommitTracker; Hard AutoCommit: if uncommited for 15000ms; 
INFO  - 2014-10-19 11:11:28.946; org.apache.solr.update.CommitTracker; Soft AutoCommit: disabled
INFO  - 2014-10-19 11:11:28.955; org.apache.solr.core.SolrDeletionPolicy; SolrDeletionPolicy.onInit: commits: num=1
	commit{dir=NRTCachingDirectory(MMapDirectory@C:\Users\Andi\Documents\InfRetrieval\solr-4.10.1\solr-4.10.1\example\solr\collection1\data\index lockFactory=NativeFSLockFactory@C:\Users\Andi\Documents\InfRetrieval\solr-4.10.1\solr-4.10.1\example\solr\collection1\data\index; maxCacheMB=48.0 maxMergeSizeMB=4.0),segFN=segments_1,generation=1}
INFO  - 2014-10-19 11:11:28.956; org.apache.solr.core.SolrDeletionPolicy; newest commit generation = 1
INFO  - 2014-10-19 11:11:28.961; org.apache.solr.search.SolrIndexSearcher; Opening Searcher@15af9ce3[collection1] main
INFO  - 2014-10-19 11:11:28.966; org.apache.solr.rest.ManagedResourceStorage$FileStorageIO; File-based storage initialized to use dir: C:\Users\Andi\Documents\InfRetrieval\solr-4.10.1\solr-4.10.1\example\solr\collection1\conf
INFO  - 2014-10-19 11:11:28.967; org.apache.solr.rest.RestManager; Initializing RestManager with initArgs: {storageDir=C:\Users\Andi\Documents\InfRetrieval\solr-4.10.1\solr-4.10.1\example\solr\collection1\conf}
INFO  - 2014-10-19 11:11:28.968; org.apache.solr.rest.ManagedResourceStorage; Reading _rest_managed.json using file:dir=C:\Users\Andi\Documents\InfRetrieval\solr-4.10.1\solr-4.10.1\example\solr\collection1\conf
INFO  - 2014-10-19 11:11:28.972; org.apache.solr.rest.ManagedResourceStorage; Loaded LinkedHashMap at path _rest_managed.json using file:dir=C:\Users\Andi\Documents\InfRetrieval\solr-4.10.1\solr-4.10.1\example\solr\collection1\conf
INFO  - 2014-10-19 11:11:28.973; org.apache.solr.rest.ManagedResource; Loaded initArgs {} for /rest/managed
INFO  - 2014-10-19 11:11:28.974; org.apache.solr.rest.RestManager; Initializing 2 registered ManagedResources
INFO  - 2014-10-19 11:11:28.974; org.apache.solr.rest.ManagedResourceStorage; Reading _schema_analysis_stopwords_english.json using file:dir=C:\Users\Andi\Documents\InfRetrieval\solr-4.10.1\solr-4.10.1\example\solr\collection1\conf
INFO  - 2014-10-19 11:11:28.976; org.apache.solr.rest.ManagedResourceStorage; Loaded LinkedHashMap at path _schema_analysis_stopwords_english.json using file:dir=C:\Users\Andi\Documents\InfRetrieval\solr-4.10.1\solr-4.10.1\example\solr\collection1\conf
INFO  - 2014-10-19 11:11:28.976; org.apache.solr.rest.ManagedResource; Loaded initArgs {ignoreCase=true} for /schema/analysis/stopwords/english
INFO  - 2014-10-19 11:11:28.977; org.apache.solr.rest.schema.analysis.ManagedWordSetResource; Loaded 35 words for /schema/analysis/stopwords/english
INFO  - 2014-10-19 11:11:28.978; org.apache.solr.rest.ManagedResource; Notified 1 observers of /schema/analysis/stopwords/english
INFO  - 2014-10-19 11:11:28.979; org.apache.solr.rest.ManagedResourceStorage; Reading _schema_analysis_synonyms_english.json using file:dir=C:\Users\Andi\Documents\InfRetrieval\solr-4.10.1\solr-4.10.1\example\solr\collection1\conf
INFO  - 2014-10-19 11:11:28.979; org.apache.solr.rest.ManagedResourceStorage; Loaded LinkedHashMap at path _schema_analysis_synonyms_english.json using file:dir=C:\Users\Andi\Documents\InfRetrieval\solr-4.10.1\solr-4.10.1\example\solr\collection1\conf
INFO  - 2014-10-19 11:11:28.980; org.apache.solr.rest.ManagedResource; Loaded initArgs {ignoreCase=true,format=solr} for /schema/analysis/synonyms/english
INFO  - 2014-10-19 11:11:28.981; org.apache.solr.rest.schema.analysis.ManagedSynonymFilterFactory$SynonymManager; Loaded 3 synonym mappings for /schema/analysis/synonyms/english
INFO  - 2014-10-19 11:11:28.983; org.apache.solr.rest.ManagedResource; Notified 1 observers of /schema/analysis/synonyms/english
INFO  - 2014-10-19 11:11:28.983; org.apache.solr.handler.component.SpellCheckComponent; Initializing spell checkers
INFO  - 2014-10-19 11:11:28.988; org.apache.solr.spelling.DirectSolrSpellChecker; init: {name=default,field=text,classname=solr.DirectSolrSpellChecker,distanceMeasure=internal,accuracy=0.5,maxEdits=2,minPrefix=1,maxInspections=5,minQueryLength=4,maxQueryFrequency=0.01}
INFO  - 2014-10-19 11:11:28.994; org.apache.solr.handler.component.SpellCheckComponent; No queryConverter defined, using default converter
INFO  - 2014-10-19 11:11:28.995; org.apache.solr.handler.component.SuggestComponent; Initializing SuggestComponent
INFO  - 2014-10-19 11:11:28.997; org.apache.solr.spelling.suggest.SolrSuggester; init: {name=mySuggester,lookupImpl=FuzzyLookupFactory,dictionaryImpl=DocumentDictionaryFactory,field=cat,weightField=price,suggestAnalyzerFieldType=string}
INFO  - 2014-10-19 11:11:29.009; org.apache.solr.spelling.suggest.SolrSuggester; Dictionary loaded with params: {name=mySuggester,lookupImpl=FuzzyLookupFactory,dictionaryImpl=DocumentDictionaryFactory,field=cat,weightField=price,suggestAnalyzerFieldType=string}
INFO  - 2014-10-19 11:11:29.011; org.apache.solr.handler.component.QueryElevationComponent; Loading QueryElevation from: C:\Users\Andi\Documents\InfRetrieval\solr-4.10.1\solr-4.10.1\example\solr\collection1\conf\elevate.xml
INFO  - 2014-10-19 11:11:29.046; org.apache.solr.handler.ReplicationHandler; Commits will be reserved for  10000
INFO  - 2014-10-19 11:11:29.047; org.apache.solr.core.QuerySenderListener; QuerySenderListener sending requests to Searcher@15af9ce3[collection1] main{StandardDirectoryReader(segments_1:1:nrt)}
INFO  - 2014-10-19 11:11:29.048; org.apache.solr.core.CoreContainer; registering core: collection1
INFO  - 2014-10-19 11:11:29.055; org.apache.solr.servlet.SolrDispatchFilter; user.dir=C:\Users\Andi\Documents\InfRetrieval\solr-4.10.1\solr-4.10.1\example
INFO  - 2014-10-19 11:11:29.056; org.apache.solr.servlet.SolrDispatchFilter; SolrDispatchFilter.init() done
INFO  - 2014-10-19 11:11:29.079; org.eclipse.jetty.server.AbstractConnector; Started SocketConnector@0.0.0.0:8983
INFO  - 2014-10-19 11:11:29.114; org.apache.solr.core.SolrCore; [collection1] webapp=null path=null params={q=static+firstSearcher+warming+in+solrconfig.xml&distrib=false&event=firstSearcher} hits=0 status=0 QTime=59 
INFO  - 2014-10-19 11:11:29.122; org.apache.solr.core.QuerySenderListener; QuerySenderListener done.
INFO  - 2014-10-19 11:11:29.127; org.apache.solr.handler.component.SpellCheckComponent$SpellCheckerListener; Loading spell index for spellchecker: default
INFO  - 2014-10-19 11:11:29.154; org.apache.solr.handler.component.SpellCheckComponent$SpellCheckerListener; Loading spell index for spellchecker: wordbreak
INFO  - 2014-10-19 11:11:29.157; org.apache.solr.handler.component.SuggestComponent$SuggesterListener; Loading suggester index for: mySuggester
INFO  - 2014-10-19 11:11:29.157; org.apache.solr.spelling.suggest.SolrSuggester; reload()
INFO  - 2014-10-19 11:11:29.172; org.apache.solr.spelling.suggest.SolrSuggester; build()
INFO  - 2014-10-19 11:11:29.183; org.apache.solr.core.SolrCore; [collection1] Registered new searcher Searcher@15af9ce3[collection1] main{StandardDirectoryReader(segments_1:1:nrt)}
INFO  - 2014-10-19 11:11:50.799; org.apache.solr.servlet.SolrDispatchFilter; [admin] webapp=null path=/admin/cores params={indexInfo=false&wt=json&_=1413709910792} status=0 QTime=1 
INFO  - 2014-10-19 11:11:50.860; org.apache.solr.servlet.SolrDispatchFilter; [admin] webapp=null path=/admin/info/system params={wt=json&_=1413709910834} status=0 QTime=7 
INFO  - 2014-10-19 12:08:42.002; org.apache.solr.update.processor.LogUpdateProcessor; [collection1] webapp=/solr path=/update params={} {} 0 38
ERROR - 2014-10-19 12:08:42.003; org.apache.solr.common.SolrException; org.apache.solr.common.SolrException: ERROR: [doc=1] unknown field 'status_id'
	at org.apache.solr.update.DocumentBuilder.toDocument(DocumentBuilder.java:185)
	at org.apache.solr.update.AddUpdateCommand.getLuceneDocument(AddUpdateCommand.java:78)
	at org.apache.solr.update.DirectUpdateHandler2.addDoc0(DirectUpdateHandler2.java:238)
	at org.apache.solr.update.DirectUpdateHandler2.addDoc(DirectUpdateHandler2.java:164)
	at org.apache.solr.update.processor.RunUpdateProcessor.processAdd(RunUpdateProcessorFactory.java:69)
	at org.apache.solr.update.processor.UpdateRequestProcessor.processAdd(UpdateRequestProcessor.java:51)
	at org.apache.solr.update.processor.DistributedUpdateProcessor.doLocalAdd(DistributedUpdateProcessor.java:867)
	at org.apache.solr.update.processor.DistributedUpdateProcessor.versionAdd(DistributedUpdateProcessor.java:1021)
	at org.apache.solr.update.processor.DistributedUpdateProcessor.processAdd(DistributedUpdateProcessor.java:690)
	at org.apache.solr.update.processor.LogUpdateProcessor.processAdd(LogUpdateProcessorFactory.java:100)
	at org.apache.solr.handler.loader.XMLLoader.processUpdate(XMLLoader.java:247)
	at org.apache.solr.handler.loader.XMLLoader.load(XMLLoader.java:174)
	at org.apache.solr.handler.UpdateRequestHandler$1.load(UpdateRequestHandler.java:99)
	at org.apache.solr.handler.ContentStreamHandlerBase.handleRequestBody(ContentStreamHandlerBase.java:74)
	at org.apache.solr.handler.RequestHandlerBase.handleRequest(RequestHandlerBase.java:135)
	at org.apache.solr.core.SolrCore.execute(SolrCore.java:1967)
	at org.apache.solr.servlet.SolrDispatchFilter.execute(SolrDispatchFilter.java:777)
	at org.apache.solr.servlet.SolrDispatchFilter.doFilter(SolrDispatchFilter.java:418)
	at org.apache.solr.servlet.SolrDispatchFilter.doFilter(SolrDispatchFilter.java:207)
	at org.eclipse.jetty.servlet.ServletHandler$CachedChain.doFilter(ServletHandler.java:1419)
	at org.eclipse.jetty.servlet.ServletHandler.doHandle(ServletHandler.java:455)
	at org.eclipse.jetty.server.handler.ScopedHandler.handle(ScopedHandler.java:137)
	at org.eclipse.jetty.security.SecurityHandler.handle(SecurityHandler.java:557)
	at org.eclipse.jetty.server.session.SessionHandler.doHandle(SessionHandler.java:231)
	at org.eclipse.jetty.server.handler.ContextHandler.doHandle(ContextHandler.java:1075)
	at org.eclipse.jetty.servlet.ServletHandler.doScope(ServletHandler.java:384)
	at org.eclipse.jetty.server.session.SessionHandler.doScope(SessionHandler.java:193)
	at org.eclipse.jetty.server.handler.ContextHandler.doScope(ContextHandler.java:1009)
	at org.eclipse.jetty.server.handler.ScopedHandler.handle(ScopedHandler.java:135)
	at org.eclipse.jetty.server.handler.ContextHandlerCollection.handle(ContextHandlerCollection.java:255)
	at org.eclipse.jetty.server.handler.HandlerCollection.handle(HandlerCollection.java:154)
	at org.eclipse.jetty.server.handler.HandlerWrapper.handle(HandlerWrapper.java:116)
	at org.eclipse.jetty.server.Server.handle(Server.java:368)
	at org.eclipse.jetty.server.AbstractHttpConnection.handleRequest(AbstractHttpConnection.java:489)
	at org.eclipse.jetty.server.BlockingHttpConnection.handleRequest(BlockingHttpConnection.java:53)
	at org.eclipse.jetty.server.AbstractHttpConnection.content(AbstractHttpConnection.java:953)
	at org.eclipse.jetty.server.AbstractHttpConnection$RequestHandler.content(AbstractHttpConnection.java:1014)
	at org.eclipse.jetty.http.HttpParser.parseNext(HttpParser.java:861)
	at org.eclipse.jetty.http.HttpParser.parseAvailable(HttpParser.java:235)
	at org.eclipse.jetty.server.BlockingHttpConnection.handle(BlockingHttpConnection.java:72)
	at org.eclipse.jetty.server.bio.SocketConnector$ConnectorEndPoint.run(SocketConnector.java:264)
	at org.eclipse.jetty.util.thread.QueuedThreadPool.runJob(QueuedThreadPool.java:608)
	at org.eclipse.jetty.util.thread.QueuedThreadPool$3.run(QueuedThreadPool.java:543)
	at java.lang.Thread.run(Unknown Source)

INFO  - 2014-10-19 12:08:42.643; org.apache.solr.update.processor.LogUpdateProcessor; [collection1] webapp=/solr path=/update params={} {} 0 1
ERROR - 2014-10-19 12:08:42.644; org.apache.solr.common.SolrException; org.apache.solr.common.SolrException: ERROR: [doc=143693] unknown field 'status_id'
	at org.apache.solr.update.DocumentBuilder.toDocument(DocumentBuilder.java:185)
	at org.apache.solr.update.AddUpdateCommand.getLuceneDocument(AddUpdateCommand.java:78)
	at org.apache.solr.update.DirectUpdateHandler2.addDoc0(DirectUpdateHandler2.java:238)
	at org.apache.solr.update.DirectUpdateHandler2.addDoc(DirectUpdateHandler2.java:164)
	at org.apache.solr.update.processor.RunUpdateProcessor.processAdd(RunUpdateProcessorFactory.java:69)
	at org.apache.solr.update.processor.UpdateRequestProcessor.processAdd(UpdateRequestProcessor.java:51)
	at org.apache.solr.update.processor.DistributedUpdateProcessor.doLocalAdd(DistributedUpdateProcessor.java:867)
	at org.apache.solr.update.processor.DistributedUpdateProcessor.versionAdd(DistributedUpdateProcessor.java:1021)
	at org.apache.solr.update.processor.DistributedUpdateProcessor.processAdd(DistributedUpdateProcessor.java:690)
	at org.apache.solr.update.processor.LogUpdateProcessor.processAdd(LogUpdateProcessorFactory.java:100)
	at org.apache.solr.handler.loader.XMLLoader.processUpdate(XMLLoader.java:247)
	at org.apache.solr.handler.loader.XMLLoader.load(XMLLoader.java:174)
	at org.apache.solr.handler.UpdateRequestHandler$1.load(UpdateRequestHandler.java:99)
	at org.apache.solr.handler.ContentStreamHandlerBase.handleRequestBody(ContentStreamHandlerBase.java:74)
	at org.apache.solr.handler.RequestHandlerBase.handleRequest(RequestHandlerBase.java:135)
	at org.apache.solr.core.SolrCore.execute(SolrCore.java:1967)
	at org.apache.solr.servlet.SolrDispatchFilter.execute(SolrDispatchFilter.java:777)
	at org.apache.solr.servlet.SolrDispatchFilter.doFilter(SolrDispatchFilter.java:418)
	at org.apache.solr.servlet.SolrDispatchFilter.doFilter(SolrDispatchFilter.java:207)
	at org.eclipse.jetty.servlet.ServletHandler$CachedChain.doFilter(ServletHandler.java:1419)
	at org.eclipse.jetty.servlet.ServletHandler.doHandle(ServletHandler.java:455)
	at org.eclipse.jetty.server.handler.ScopedHandler.handle(ScopedHandler.java:137)
	at org.eclipse.jetty.security.SecurityHandler.handle(SecurityHandler.java:557)
	at org.eclipse.jetty.server.session.SessionHandler.doHandle(SessionHandler.java:231)
	at org.eclipse.jetty.server.handler.ContextHandler.doHandle(ContextHandler.java:1075)
	at org.eclipse.jetty.servlet.ServletHandler.doScope(ServletHandler.java:384)
	at org.eclipse.jetty.server.session.SessionHandler.doScope(SessionHandler.java:193)
	at org.eclipse.jetty.server.handler.ContextHandler.doScope(ContextHandler.java:1009)
	at org.eclipse.jetty.server.handler.ScopedHandler.handle(ScopedHandler.java:135)
	at org.eclipse.jetty.server.handler.ContextHandlerCollection.handle(ContextHandlerCollection.java:255)
	at org.eclipse.jetty.server.handler.HandlerCollection.handle(HandlerCollection.java:154)
	at org.eclipse.jetty.server.handler.HandlerWrapper.handle(HandlerWrapper.java:116)
	at org.eclipse.jetty.server.Server.handle(Server.java:368)
	at org.eclipse.jetty.server.AbstractHttpConnection.handleRequest(AbstractHttpConnection.java:489)
	at org.eclipse.jetty.server.BlockingHttpConnection.handleRequest(BlockingHttpConnection.java:53)
	at org.eclipse.jetty.server.AbstractHttpConnection.content(AbstractHttpConnection.java:953)
	at org.eclipse.jetty.server.AbstractHttpConnection$RequestHandler.content(AbstractHttpConnection.java:1014)
	at org.eclipse.jetty.http.HttpParser.parseNext(HttpParser.java:861)
	at org.eclipse.jetty.http.HttpParser.parseAvailable(HttpParser.java:235)
	at org.eclipse.jetty.server.BlockingHttpConnection.handle(BlockingHttpConnection.java:72)
	at org.eclipse.jetty.server.bio.SocketConnector$ConnectorEndPoint.run(SocketConnector.java:264)
	at org.eclipse.jetty.util.thread.QueuedThreadPool.runJob(QueuedThreadPool.java:608)
	at org.eclipse.jetty.util.thread.QueuedThreadPool$3.run(QueuedThreadPool.java:543)
	at java.lang.Thread.run(Unknown Source)

INFO  - 2014-10-19 12:08:43.312; org.apache.solr.update.processor.LogUpdateProcessor; [collection1] webapp=/solr path=/update params={} {} 0 1
ERROR - 2014-10-19 12:08:43.312; org.apache.solr.common.SolrException; org.apache.solr.common.SolrException: ERROR: [doc=1] unknown field 'user_id'
	at org.apache.solr.update.DocumentBuilder.toDocument(DocumentBuilder.java:185)
	at org.apache.solr.update.AddUpdateCommand.getLuceneDocument(AddUpdateCommand.java:78)
	at org.apache.solr.update.DirectUpdateHandler2.addDoc0(DirectUpdateHandler2.java:238)
	at org.apache.solr.update.DirectUpdateHandler2.addDoc(DirectUpdateHandler2.java:164)
	at org.apache.solr.update.processor.RunUpdateProcessor.processAdd(RunUpdateProcessorFactory.java:69)
	at org.apache.solr.update.processor.UpdateRequestProcessor.processAdd(UpdateRequestProcessor.java:51)
	at org.apache.solr.update.processor.DistributedUpdateProcessor.doLocalAdd(DistributedUpdateProcessor.java:867)
	at org.apache.solr.update.processor.DistributedUpdateProcessor.versionAdd(DistributedUpdateProcessor.java:1021)
	at org.apache.solr.update.processor.DistributedUpdateProcessor.processAdd(DistributedUpdateProcessor.java:690)
	at org.apache.solr.update.processor.LogUpdateProcessor.processAdd(LogUpdateProcessorFactory.java:100)
	at org.apache.solr.handler.loader.XMLLoader.processUpdate(XMLLoader.java:247)
	at org.apache.solr.handler.loader.XMLLoader.load(XMLLoader.java:174)
	at org.apache.solr.handler.UpdateRequestHandler$1.load(UpdateRequestHandler.java:99)
	at org.apache.solr.handler.ContentStreamHandlerBase.handleRequestBody(ContentStreamHandlerBase.java:74)
	at org.apache.solr.handler.RequestHandlerBase.handleRequest(RequestHandlerBase.java:135)
	at org.apache.solr.core.SolrCore.execute(SolrCore.java:1967)
	at org.apache.solr.servlet.SolrDispatchFilter.execute(SolrDispatchFilter.java:777)
	at org.apache.solr.servlet.SolrDispatchFilter.doFilter(SolrDispatchFilter.java:418)
	at org.apache.solr.servlet.SolrDispatchFilter.doFilter(SolrDispatchFilter.java:207)
	at org.eclipse.jetty.servlet.ServletHandler$CachedChain.doFilter(ServletHandler.java:1419)
	at org.eclipse.jetty.servlet.ServletHandler.doHandle(ServletHandler.java:455)
	at org.eclipse.jetty.server.handler.ScopedHandler.handle(ScopedHandler.java:137)
	at org.eclipse.jetty.security.SecurityHandler.handle(SecurityHandler.java:557)
	at org.eclipse.jetty.server.session.SessionHandler.doHandle(SessionHandler.java:231)
	at org.eclipse.jetty.server.handler.ContextHandler.doHandle(ContextHandler.java:1075)
	at org.eclipse.jetty.servlet.ServletHandler.doScope(ServletHandler.java:384)
	at org.eclipse.jetty.server.session.SessionHandler.doScope(SessionHandler.java:193)
	at org.eclipse.jetty.server.handler.ContextHandler.doScope(ContextHandler.java:1009)
	at org.eclipse.jetty.server.handler.ScopedHandler.handle(ScopedHandler.java:135)
	at org.eclipse.jetty.server.handler.ContextHandlerCollection.handle(ContextHandlerCollection.java:255)
	at org.eclipse.jetty.server.handler.HandlerCollection.handle(HandlerCollection.java:154)
	at org.eclipse.jetty.server.handler.HandlerWrapper.handle(HandlerWrapper.java:116)
	at org.eclipse.jetty.server.Server.handle(Server.java:368)
	at org.eclipse.jetty.server.AbstractHttpConnection.handleRequest(AbstractHttpConnection.java:489)
	at org.eclipse.jetty.server.BlockingHttpConnection.handleRequest(BlockingHttpConnection.java:53)
	at org.eclipse.jetty.server.AbstractHttpConnection.content(AbstractHttpConnection.java:953)
	at org.eclipse.jetty.server.AbstractHttpConnection$RequestHandler.content(AbstractHttpConnection.java:1014)
	at org.eclipse.jetty.http.HttpParser.parseNext(HttpParser.java:861)
	at org.eclipse.jetty.http.HttpParser.parseAvailable(HttpParser.java:235)
	at org.eclipse.jetty.server.BlockingHttpConnection.handle(BlockingHttpConnection.java:72)
	at org.eclipse.jetty.server.bio.SocketConnector$ConnectorEndPoint.run(SocketConnector.java:264)
	at org.eclipse.jetty.util.thread.QueuedThreadPool.runJob(QueuedThreadPool.java:608)
	at org.eclipse.jetty.util.thread.QueuedThreadPool$3.run(QueuedThreadPool.java:543)
	at java.lang.Thread.run(Unknown Source)

INFO  - 2014-10-19 12:08:43.451; org.apache.solr.update.DirectUpdateHandler2; start commit{,optimize=false,openSearcher=true,waitSearcher=true,expungeDeletes=false,softCommit=false,prepareCommit=false}
INFO  - 2014-10-19 12:08:43.451; org.apache.solr.update.DirectUpdateHandler2; No uncommitted changes. Skipping IW.commit.
INFO  - 2014-10-19 12:08:43.453; org.apache.solr.core.SolrCore; SolrIndexSearcher has not changed - not re-opening: org.apache.solr.search.SolrIndexSearcher
INFO  - 2014-10-19 12:08:43.454; org.apache.solr.update.DirectUpdateHandler2; end_commit_flush
INFO  - 2014-10-19 12:08:43.454; org.apache.solr.update.processor.LogUpdateProcessor; [collection1] webapp=/solr path=/update params={commit=true} {commit=} 0 4
INFO  - 2014-10-19 12:09:06.619; org.eclipse.jetty.server.Server; Graceful shutdown SocketConnector@0.0.0.0:8983
INFO  - 2014-10-19 12:09:06.621; org.eclipse.jetty.server.Server; Graceful shutdown o.e.j.w.WebAppContext{/solr,file:/C:/Users/Andi/Documents/InfRetrieval/solr-4.10.1/solr-4.10.1/example/solr-webapp/webapp/},C:\Users\Andi\Documents\InfRetrieval\solr-4.10.1\solr-4.10.1\example/webapps/solr.war
INFO  - 2014-10-19 12:09:07.623; org.apache.solr.core.CoreContainer; Shutting down CoreContainer instance=375457936
INFO  - 2014-10-19 12:09:07.624; org.apache.solr.core.SolrCore; [collection1]  CLOSING SolrCore org.apache.solr.core.SolrCore@2cf6ae57
INFO  - 2014-10-19 12:09:07.625; org.apache.solr.update.DirectUpdateHandler2; closing DirectUpdateHandler2{commits=1,autocommit maxTime=15000ms,autocommits=0,soft autocommits=0,optimizes=0,rollbacks=0,expungeDeletes=0,docsPending=0,adds=0,deletesById=0,deletesByQuery=0,errors=3,cumulative_adds=3,cumulative_deletesById=0,cumulative_deletesByQuery=0,cumulative_errors=3,transaction_logs_total_size=0,transaction_logs_total_number=0}
INFO  - 2014-10-19 12:09:07.627; org.apache.solr.update.SolrCoreState; Closing SolrCoreState
INFO  - 2014-10-19 12:09:07.627; org.apache.solr.update.DefaultSolrCoreState; SolrCoreState ref count has reached 0 - closing IndexWriter
INFO  - 2014-10-19 12:09:07.628; org.apache.solr.update.DefaultSolrCoreState; closing IndexWriter with IndexWriterCloser
INFO  - 2014-10-19 12:09:07.635; org.apache.solr.core.SolrCore; [collection1] Closing main searcher on request.
INFO  - 2014-10-19 12:09:07.636; org.apache.solr.core.CachingDirectoryFactory; Closing NRTCachingDirectoryFactory - 2 directories currently being tracked
INFO  - 2014-10-19 12:09:07.638; org.apache.solr.core.CachingDirectoryFactory; looking to close C:\Users\Andi\Documents\InfRetrieval\solr-4.10.1\solr-4.10.1\example\solr\collection1\data [CachedDir<<refCount=0;path=C:\Users\Andi\Documents\InfRetrieval\solr-4.10.1\solr-4.10.1\example\solr\collection1\data;done=false>>]
INFO  - 2014-10-19 12:09:07.639; org.apache.solr.core.CachingDirectoryFactory; Closing directory: C:\Users\Andi\Documents\InfRetrieval\solr-4.10.1\solr-4.10.1\example\solr\collection1\data
INFO  - 2014-10-19 12:09:07.640; org.apache.solr.core.CachingDirectoryFactory; looking to close C:\Users\Andi\Documents\InfRetrieval\solr-4.10.1\solr-4.10.1\example\solr\collection1\data\index [CachedDir<<refCount=0;path=C:\Users\Andi\Documents\InfRetrieval\solr-4.10.1\solr-4.10.1\example\solr\collection1\data\index;done=false>>]
INFO  - 2014-10-19 12:09:07.641; org.apache.solr.core.CachingDirectoryFactory; Closing directory: C:\Users\Andi\Documents\InfRetrieval\solr-4.10.1\solr-4.10.1\example\solr\collection1\data\index
INFO  - 2014-10-19 12:09:07.644; org.eclipse.jetty.server.handler.ContextHandler; stopped o.e.j.w.WebAppContext{/solr,file:/C:/Users/Andi/Documents/InfRetrieval/solr-4.10.1/solr-4.10.1/example/solr-webapp/webapp/},C:\Users\Andi\Documents\InfRetrieval\solr-4.10.1\solr-4.10.1\example/webapps/solr.war
